-------------------------------------------------------------------------------
Test set: com.taichu.productservice.ProductServiceApplicationTests
-------------------------------------------------------------------------------
Tests run: 1, Failures: 1, Errors: 0, Skipped: 0, Time elapsed: 9.58 s <<< FAILURE! - in com.taichu.productservice.ProductServiceApplicationTests
shouldCreateProduct  Time elapsed: 0.513 s  <<< FAILURE!
java.lang.AssertionError: Status expected:<201> but was:<404>
	at com.taichu.productservice.ProductServiceApplicationTests.shouldCreateProduct(ProductServiceApplicationTests.java:56)

